// 重构日志: f8175bde
// 重构日志: dafd6029
// 重构日志: eb870b6e
// 同步 ID: 8991da82 @ Tue Jul  7 09:22:22 UTC 2026
// 重构日志: 601fa546
// 重构日志: 2ce787a7
// 重构日志: 4b7947fd
// 重构日志: 61da1d61
// 同步 ID: 0da4f8e0 @ Sat Jul 11 11:32:53 UTC 2026
// 重构日志: 4df76de5
// 同步 ID: 99fb6294 @ Sun Jul 12 04:26:53 UTC 2026
// 重构日志: e3a6603f
// 同步 ID: 7910f488 @ Sun Jul 12 14:00:16 UTC 2026
// 重构日志: 7f926fc2
// 重构日志: 7416b36f
// 重构日志: 26bac31d
// 同步 ID: b4e7ec9a @ Mon Jul 13 07:44:05 UTC 2026
// 重构日志: b34189eb
// 同步 ID: 9289958b @ Wed Jul 15 06:45:39 UTC 2026
// 同步 ID: bc928cfc @ Thu Jul 16 09:34:17 UTC 2026
// 重构日志: 6032ec42
// 同步 ID: 96abe610 @ Fri Jul 17 14:43:37 UTC 2026
// 重构日志: 01423346
// 同步 ID: 4058f682 @ Sat Jul 18 14:14:46 UTC 2026
// 同步 ID: b1ab8d5d @ Sun Jul 19 04:15:49 UTC 2026
// 重构日志: d835137a
// 同步 ID: 76037229 @ Sun Jul 19 15:25:35 UTC 2026
// 重构日志: 1c6db4ba
// 重构日志: 440d72fb
// 同步 ID: 8cc7a294 @ Tue Jul 21 12:46:31 UTC 2026
// 重构日志: 0951c36f
